0 info it worked if it ends with ok
1 verbose cli [ '/usr/bin/nodejs', '/usr/local/bin/npm', 'install' ]
2 info using npm@4.0.3
3 info using node@v4.2.6
4 silly loadCurrentTree Starting
5 silly install loadCurrentTree
6 silly install readLocalPackageData
7 silly install normalizeTree
8 silly loadCurrentTree Finishing
9 silly loadIdealTree Starting
10 silly install loadIdealTree
11 silly cloneCurrentTree Starting
12 silly install cloneCurrentTreeToIdealTree
13 silly cloneCurrentTree Finishing
14 silly loadShrinkwrap Starting
15 silly install loadShrinkwrap
16 silly loadShrinkwrap Finishing
17 silly loadAllDepsIntoIdealTree Starting
18 silly install loadAllDepsIntoIdealTree
19 silly fetchNamedPackageData zone.js
20 silly mapToRegistry name zone.js
21 silly mapToRegistry using default registry
22 silly mapToRegistry registry https://registry.npmjs.org/
23 silly mapToRegistry data Result {
23 silly mapToRegistry   raw: 'zone.js',
23 silly mapToRegistry   scope: null,
23 silly mapToRegistry   escapedName: 'zone.js',
23 silly mapToRegistry   name: 'zone.js',
23 silly mapToRegistry   rawSpec: '',
23 silly mapToRegistry   spec: 'latest',
23 silly mapToRegistry   type: 'tag' }
24 silly mapToRegistry uri https://registry.npmjs.org/zone.js
25 verbose request uri https://registry.npmjs.org/zone.js
26 verbose request no auth needed
27 info attempt registry request try #1 at 9:04:30 AM
28 verbose request id 35d8add46f94153b
29 verbose etag W/"5878aa53-1a67c"
30 verbose lastModified Fri, 13 Jan 2017 10:22:11 GMT
31 http request GET https://registry.npmjs.org/zone.js
32 http 304 https://registry.npmjs.org/zone.js
33 verbose headers { date: 'Sun, 15 Jan 2017 08:04:33 GMT',
33 verbose headers   via: '1.1 varnish',
33 verbose headers   'cache-control': 'max-age=300',
33 verbose headers   etag: 'W/"5878aa53-1a67c"',
33 verbose headers   age: '0',
33 verbose headers   connection: 'keep-alive',
33 verbose headers   'x-served-by': 'cache-bma7023-BMA',
33 verbose headers   'x-cache': 'HIT',
33 verbose headers   'x-cache-hits': '1',
33 verbose headers   'x-timer': 'S1484467473.947190,VS0,VE131',
33 verbose headers   vary: 'Accept-Encoding' }
34 silly get cb [ 304,
34 silly get   { date: 'Sun, 15 Jan 2017 08:04:33 GMT',
34 silly get     via: '1.1 varnish',
34 silly get     'cache-control': 'max-age=300',
34 silly get     etag: 'W/"5878aa53-1a67c"',
34 silly get     age: '0',
34 silly get     connection: 'keep-alive',
34 silly get     'x-served-by': 'cache-bma7023-BMA',
34 silly get     'x-cache': 'HIT',
34 silly get     'x-cache-hits': '1',
34 silly get     'x-timer': 'S1484467473.947190,VS0,VE131',
34 silly get     vary: 'Accept-Encoding' } ]
35 verbose etag https://registry.npmjs.org/zone.js from cache
36 verbose get saving zone.js to /home/melkiaer/.npm/registry.npmjs.org/zone.js/.cache.json
37 verbose correctMkdir /home/melkiaer/.npm correctMkdir not in flight; initializing
38 silly resolveWithNewModule zone.js@0.7.5 checking installable status
39 silly cache add args [ 'zone.js@^0.7.5', null ]
40 verbose cache add spec zone.js@^0.7.5
41 silly cache add parsed spec Result {
41 silly cache add   raw: 'zone.js@^0.7.5',
41 silly cache add   scope: null,
41 silly cache add   escapedName: 'zone.js',
41 silly cache add   name: 'zone.js',
41 silly cache add   rawSpec: '^0.7.5',
41 silly cache add   spec: '>=0.7.5 <0.8.0',
41 silly cache add   type: 'range' }
42 silly addNamed zone.js@>=0.7.5 <0.8.0
43 verbose addNamed ">=0.7.5 <0.8.0" is a valid semver range for zone.js
44 silly addNameRange { name: 'zone.js', range: '>=0.7.5 <0.8.0', hasData: false }
45 silly mapToRegistry name zone.js
46 silly mapToRegistry using default registry
47 silly mapToRegistry registry https://registry.npmjs.org/
48 silly mapToRegistry data Result {
48 silly mapToRegistry   raw: 'zone.js',
48 silly mapToRegistry   scope: null,
48 silly mapToRegistry   escapedName: 'zone.js',
48 silly mapToRegistry   name: 'zone.js',
48 silly mapToRegistry   rawSpec: '',
48 silly mapToRegistry   spec: 'latest',
48 silly mapToRegistry   type: 'tag' }
49 silly mapToRegistry uri https://registry.npmjs.org/zone.js
50 verbose addNameRange registry:https://registry.npmjs.org/zone.js not in flight; fetching
51 verbose get https://registry.npmjs.org/zone.js not expired, no request
52 silly addNameRange number 2 { name: 'zone.js', range: '>=0.7.5 <0.8.0', hasData: true }
53 silly addNameRange versions [ 'zone.js',
53 silly addNameRange   [ '0.1.0',
53 silly addNameRange     '0.1.1',
53 silly addNameRange     '0.2.0',
53 silly addNameRange     '0.2.1',
53 silly addNameRange     '0.2.3',
53 silly addNameRange     '0.2.2',
53 silly addNameRange     '0.2.4',
53 silly addNameRange     '0.3.0',
53 silly addNameRange     '0.4.0',
53 silly addNameRange     '0.4.1',
53 silly addNameRange     '0.4.2',
53 silly addNameRange     '0.4.3',
53 silly addNameRange     '0.4.4',
53 silly addNameRange     '0.5.0',
53 silly addNameRange     '0.5.1',
53 silly addNameRange     '0.5.2',
53 silly addNameRange     '0.5.3',
53 silly addNameRange     '0.5.4',
53 silly addNameRange     '0.5.5',
53 silly addNameRange     '0.5.6',
53 silly addNameRange     '0.5.7',
53 silly addNameRange     '0.5.8',
53 silly addNameRange     '0.5.9',
53 silly addNameRange     '0.5.10',
53 silly addNameRange     '0.5.11',
53 silly addNameRange     '0.5.12',
53 silly addNameRange     '0.5.13',
53 silly addNameRange     '0.5.14',
53 silly addNameRange     '0.5.15',
53 silly addNameRange     '0.6.0',
53 silly addNameRange     '0.6.1',
53 silly addNameRange     '0.6.2',
53 silly addNameRange     '0.6.3',
53 silly addNameRange     '0.6.4',
53 silly addNameRange     '0.6.5',
53 silly addNameRange     '0.6.6',
53 silly addNameRange     '0.6.8',
53 silly addNameRange     '0.6.9',
53 silly addNameRange     '0.6.10',
53 silly addNameRange     '0.6.11',
53 silly addNameRange     '0.6.12',
53 silly addNameRange     '0.6.13',
53 silly addNameRange     '0.6.14',
53 silly addNameRange     '0.6.15',
53 silly addNameRange     '0.6.16',
53 silly addNameRange     '0.6.17',
53 silly addNameRange     '0.6.18',
53 silly addNameRange     '0.6.19',
53 silly addNameRange     '0.6.20',
53 silly addNameRange     '0.6.21',
53 silly addNameRange     '0.6.22',
53 silly addNameRange     '0.6.23',
53 silly addNameRange     '0.6.24',
53 silly addNameRange     '0.6.25',
53 silly addNameRange     '0.6.26',
53 silly addNameRange     '0.7.0',
53 silly addNameRange     '0.7.1',
53 silly addNameRange     '0.7.2',
53 silly addNameRange     '0.7.3',
53 silly addNameRange     '0.7.4',
53 silly addNameRange     '0.7.5' ] ]
54 silly addNamed zone.js@0.7.5
55 verbose addNamed "0.7.5" is a plain semver version for zone.js
56 silly cache afterAdd zone.js@0.7.5
57 verbose afterAdd /home/melkiaer/.npm/zone.js/0.7.5/package/package.json not in flight; writing
58 verbose correctMkdir /home/melkiaer/.npm correctMkdir not in flight; initializing
59 verbose afterAdd /home/melkiaer/.npm/zone.js/0.7.5/package/package.json written
60 silly fetchNamedPackageData fsevents
61 silly mapToRegistry name fsevents
62 silly mapToRegistry using default registry
63 silly mapToRegistry registry https://registry.npmjs.org/
64 silly mapToRegistry data Result {
64 silly mapToRegistry   raw: 'fsevents',
64 silly mapToRegistry   scope: null,
64 silly mapToRegistry   escapedName: 'fsevents',
64 silly mapToRegistry   name: 'fsevents',
64 silly mapToRegistry   rawSpec: '',
64 silly mapToRegistry   spec: 'latest',
64 silly mapToRegistry   type: 'tag' }
65 silly mapToRegistry uri https://registry.npmjs.org/fsevents
66 verbose request uri https://registry.npmjs.org/fsevents
67 verbose request no auth needed
68 info attempt registry request try #1 at 9:04:31 AM
69 verbose etag W/"586d770e-c238"
70 verbose lastModified Wed, 04 Jan 2017 22:28:30 GMT
71 http request GET https://registry.npmjs.org/fsevents
72 http 304 https://registry.npmjs.org/fsevents
73 verbose headers { date: 'Sun, 15 Jan 2017 08:04:34 GMT',
73 verbose headers   via: '1.1 varnish',
73 verbose headers   'cache-control': 'max-age=300',
73 verbose headers   etag: 'W/"586d770e-c238"',
73 verbose headers   age: '43',
73 verbose headers   connection: 'keep-alive',
73 verbose headers   'x-served-by': 'cache-bma7025-BMA',
73 verbose headers   'x-cache': 'HIT',
73 verbose headers   'x-cache-hits': '2',
73 verbose headers   'x-timer': 'S1484467474.453332,VS0,VE0',
73 verbose headers   vary: 'Accept-Encoding' }
74 silly get cb [ 304,
74 silly get   { date: 'Sun, 15 Jan 2017 08:04:34 GMT',
74 silly get     via: '1.1 varnish',
74 silly get     'cache-control': 'max-age=300',
74 silly get     etag: 'W/"586d770e-c238"',
74 silly get     age: '43',
74 silly get     connection: 'keep-alive',
74 silly get     'x-served-by': 'cache-bma7025-BMA',
74 silly get     'x-cache': 'HIT',
74 silly get     'x-cache-hits': '2',
74 silly get     'x-timer': 'S1484467474.453332,VS0,VE0',
74 silly get     vary: 'Accept-Encoding' } ]
75 verbose etag https://registry.npmjs.org/fsevents from cache
76 verbose get saving fsevents to /home/melkiaer/.npm/registry.npmjs.org/fsevents/.cache.json
77 verbose correctMkdir /home/melkiaer/.npm correctMkdir not in flight; initializing
78 silly resolveWithNewModule fsevents@1.0.17 checking installable status
79 silly loadAllDepsIntoIdealTree Finishing
80 silly loadIdealTree Finishing
81 silly currentTree planning-poker@1.0.0
81 silly currentTree ├── @angular/common@2.4.3
81 silly currentTree ├── @angular/compiler@2.4.3
81 silly currentTree ├── @angular/core@2.4.3
81 silly currentTree ├── @angular/forms@2.4.3
81 silly currentTree ├── @angular/http@2.4.3
81 silly currentTree ├── @angular/platform-browser-dynamic@2.4.3
81 silly currentTree ├── @angular/platform-browser@2.4.3
81 silly currentTree ├── @angular/router@3.4.3
81 silly currentTree ├── @angular/upgrade@2.4.3
81 silly currentTree ├── @ng-bootstrap/ng-bootstrap@1.0.0-alpha.17
81 silly currentTree ├── @types/core-js@0.9.35
81 silly currentTree ├── @types/express-serve-static-core@4.0.40
81 silly currentTree ├── @types/express@4.0.34
81 silly currentTree ├── @types/mime@0.0.29
81 silly currentTree ├── @types/node@6.0.60
81 silly currentTree ├── @types/serve-static@1.7.31
81 silly currentTree ├── @types/socket.io-client@1.4.29
81 silly currentTree ├── @types/socket.io@1.4.27
81 silly currentTree ├── abbrev@1.0.9
81 silly currentTree ├── accepts@1.3.3
81 silly currentTree ├── acorn-globals@3.0.0
81 silly currentTree ├── acorn@3.3.0
81 silly currentTree ├── after@0.8.2
81 silly currentTree ├── align-text@0.1.4
81 silly currentTree ├── amdefine@1.0.1
81 silly currentTree ├── angular2-toaster@2.0.0
81 silly currentTree ├── ansi-regex@2.0.0
81 silly currentTree ├── ansi-styles@2.2.1
81 silly currentTree ├── anymatch@1.3.0
81 silly currentTree ├── arr-diff@2.0.0
81 silly currentTree ├── arr-flatten@1.0.1
81 silly currentTree ├── array-flatten@1.1.1
81 silly currentTree ├── array-unique@0.2.1
81 silly currentTree ├── arraybuffer.slice@0.0.6
81 silly currentTree ├── arrify@1.0.1
81 silly currentTree ├── asap@2.0.5
81 silly currentTree ├── async-each@1.0.1
81 silly currentTree ├── async@0.2.10
81 silly currentTree ├── backo2@1.0.2
81 silly currentTree ├── balanced-match@0.4.2
81 silly currentTree ├── base64-arraybuffer@0.1.5
81 silly currentTree ├── base64id@1.0.0
81 silly currentTree ├── better-assert@1.0.2
81 silly currentTree ├── binary-extensions@1.8.0
81 silly currentTree ├── blob@0.0.4
81 silly currentTree ├── bootstrap@3.3.7
81 silly currentTree ├── brace-expansion@1.1.6
81 silly currentTree ├── braces@1.8.5
81 silly currentTree ├── buffer-shims@1.0.0
81 silly currentTree ├── callsite@1.0.0
81 silly currentTree ├── camelcase@1.2.1
81 silly currentTree ├── center-align@0.1.3
81 silly currentTree ├── chalk@1.1.3
81 silly currentTree ├── character-parser@2.2.0
81 silly currentTree ├── chokidar@1.6.1
81 silly currentTree ├── clean-css@3.4.23
81 silly currentTree ├── cliui@2.1.0
81 silly currentTree ├── commander@2.8.1
81 silly currentTree ├── component-bind@1.0.0
81 silly currentTree ├── component-emitter@1.1.2
81 silly currentTree ├── component-inherit@0.0.3
81 silly currentTree ├── concat-map@0.0.1
81 silly currentTree ├── configstore@1.4.0
81 silly currentTree ├── constantinople@3.1.0
81 silly currentTree ├── content-disposition@0.5.1
81 silly currentTree ├── content-type@1.0.2
81 silly currentTree ├── cookie-signature@1.0.6
81 silly currentTree ├── cookie@0.3.1
81 silly currentTree ├── core-js@2.4.1
81 silly currentTree ├── core-util-is@1.0.2
81 silly currentTree ├── crypto@0.0.3
81 silly currentTree ├── debug@2.2.0
81 silly currentTree ├── decamelize@1.2.0
81 silly currentTree ├── deep-extend@0.4.1
81 silly currentTree ├── depd@1.1.0
81 silly currentTree ├── destroy@1.0.4
81 silly currentTree ├── doctypes@1.1.0
81 silly currentTree ├── duplexer@0.1.1
81 silly currentTree ├── duplexify@3.5.0
81 silly currentTree ├── ee-first@1.1.1
81 silly currentTree ├── encodeurl@1.0.1
81 silly currentTree ├── end-of-stream@1.0.0
81 silly currentTree ├─┬ engine.io-client@1.8.2
81 silly currentTree │ ├── component-emitter@1.2.1
81 silly currentTree │ ├── debug@2.3.3
81 silly currentTree │ └── ms@0.7.2
81 silly currentTree ├── engine.io-parser@1.3.2
81 silly currentTree ├─┬ engine.io@1.8.2
81 silly currentTree │ ├── debug@2.3.3
81 silly currentTree │ └── ms@0.7.2
81 silly currentTree ├── es6-promise@3.3.1
81 silly currentTree ├── escape-html@1.0.3
81 silly currentTree ├── escape-string-regexp@1.0.5
81 silly currentTree ├── etag@1.7.0
81 silly currentTree ├── event-stream@3.3.4
81 silly currentTree ├── expand-brackets@0.1.5
81 silly currentTree ├── expand-range@1.8.2
81 silly currentTree ├── express@4.14.0
81 silly currentTree ├── extglob@0.3.2
81 silly currentTree ├── filename-regex@2.0.0
81 silly currentTree ├── fill-range@2.2.3
81 silly currentTree ├── finalhandler@0.5.0
81 silly currentTree ├── font-awesome@4.7.0
81 silly currentTree ├── for-in@0.1.6
81 silly currentTree ├── for-own@0.1.4
81 silly currentTree ├── forwarded@0.1.0
81 silly currentTree ├── fresh@0.3.0
81 silly currentTree ├── from@0.1.3
81 silly currentTree ├── glob-base@0.3.0
81 silly currentTree ├── glob-parent@2.0.0
81 silly currentTree ├─┬ got@3.3.1
81 silly currentTree │ └── object-assign@3.0.0
81 silly currentTree ├── graceful-fs@4.1.11
81 silly currentTree ├── graceful-readlink@1.0.1
81 silly currentTree ├── has-ansi@2.0.0
81 silly currentTree ├── has-binary@0.1.7
81 silly currentTree ├── has-cors@1.1.0
81 silly currentTree ├── http-errors@1.5.1
81 silly currentTree ├── ignore-by-default@1.0.1
81 silly currentTree ├── imurmurhash@0.1.4
81 silly currentTree ├── indexof@0.0.1
81 silly currentTree ├── infinity-agent@2.0.3
81 silly currentTree ├── inherits@2.0.3
81 silly currentTree ├── ini@1.3.4
81 silly currentTree ├── ipaddr.js@1.1.1
81 silly currentTree ├── is-binary-path@1.0.1
81 silly currentTree ├── is-buffer@1.1.4
81 silly currentTree ├── is-dotfile@1.0.2
81 silly currentTree ├── is-equal-shallow@0.1.3
81 silly currentTree ├── is-expression@2.1.0
81 silly currentTree ├── is-extendable@0.1.1
81 silly currentTree ├── is-extglob@1.0.0
81 silly currentTree ├── is-finite@1.0.2
81 silly currentTree ├── is-glob@2.0.1
81 silly currentTree ├── is-npm@1.0.0
81 silly currentTree ├── is-number@2.1.0
81 silly currentTree ├── is-posix-bracket@0.1.1
81 silly currentTree ├── is-primitive@2.0.0
81 silly currentTree ├── is-promise@2.1.0
81 silly currentTree ├── is-redirect@1.0.0
81 silly currentTree ├── is-regex@1.0.3
81 silly currentTree ├── is-stream@1.1.0
81 silly currentTree ├── isarray@0.0.1
81 silly currentTree ├─┬ isobject@2.1.0
81 silly currentTree │ └── isarray@1.0.0
81 silly currentTree ├── js-stringify@1.0.2
81 silly currentTree ├── json3@3.3.2
81 silly currentTree ├── jstransformer@1.0.0
81 silly currentTree ├── kind-of@3.1.0
81 silly currentTree ├── latest-version@1.0.1
81 silly currentTree ├── lazy-cache@1.0.4
81 silly currentTree ├── lodash._baseassign@3.2.0
81 silly currentTree ├── lodash._basecopy@3.0.1
81 silly currentTree ├── lodash._bindcallback@3.0.1
81 silly currentTree ├── lodash._createassigner@3.1.1
81 silly currentTree ├── lodash._getnative@3.9.1
81 silly currentTree ├── lodash._isiterateecall@3.0.9
81 silly currentTree ├── lodash.assign@3.2.0
81 silly currentTree ├── lodash.defaults@3.1.2
81 silly currentTree ├── lodash.isarguments@3.1.0
81 silly currentTree ├── lodash.isarray@3.0.4
81 silly currentTree ├── lodash.keys@3.1.2
81 silly currentTree ├── lodash.restparam@3.6.1
81 silly currentTree ├── longest@1.0.1
81 silly currentTree ├── lowercase-keys@1.0.0
81 silly currentTree ├── map-stream@0.1.0
81 silly currentTree ├── media-typer@0.3.0
81 silly currentTree ├── merge-descriptors@1.0.1
81 silly currentTree ├── methods@1.1.2
81 silly currentTree ├── micromatch@2.3.11
81 silly currentTree ├── mime-db@1.25.0
81 silly currentTree ├── mime-types@2.1.13
81 silly currentTree ├── mime@1.3.4
81 silly currentTree ├── minimatch@3.0.3
81 silly currentTree ├── minimist@0.0.8
81 silly currentTree ├── mkdirp@0.5.1
81 silly currentTree ├── ms@0.7.1
81 silly currentTree ├── negotiator@0.6.1
81 silly currentTree ├── nested-error-stacks@1.0.2
81 silly currentTree ├── nodemon@1.11.0
81 silly currentTree ├── nopt@1.0.10
81 silly currentTree ├── normalize-path@2.0.1
81 silly currentTree ├── number-is-nan@1.0.1
81 silly currentTree ├── object-assign@4.1.0
81 silly currentTree ├── object-component@0.0.3
81 silly currentTree ├── object.omit@2.0.1
81 silly currentTree ├── on-finished@2.3.0
81 silly currentTree ├── once@1.3.3
81 silly currentTree ├── options@0.0.6
81 silly currentTree ├── os-homedir@1.0.2
81 silly currentTree ├── os-tmpdir@1.0.2
81 silly currentTree ├── osenv@0.1.4
81 silly currentTree ├── package-json@1.2.0
81 silly currentTree ├── parse-glob@3.0.4
81 silly currentTree ├── parsejson@0.0.3
81 silly currentTree ├── parseqs@0.0.5
81 silly currentTree ├── parseuri@0.0.5
81 silly currentTree ├── parseurl@1.3.1
81 silly currentTree ├── path-is-absolute@1.0.1
81 silly currentTree ├── path-to-regexp@0.1.7
81 silly currentTree ├── pause-stream@0.0.11
81 silly currentTree ├── pinkie-promise@2.0.1
81 silly currentTree ├── pinkie@2.0.4
81 silly currentTree ├── prepend-http@1.0.4
81 silly currentTree ├── preserve@0.2.0
81 silly currentTree ├── process-nextick-args@1.0.7
81 silly currentTree ├── promise@7.1.1
81 silly currentTree ├── proxy-addr@1.1.2
81 silly currentTree ├── ps-tree@1.1.0
81 silly currentTree ├── pug-attrs@2.0.1
81 silly currentTree ├── pug-code-gen@1.1.0
81 silly currentTree ├── pug-error@1.3.1
81 silly currentTree ├── pug-filters@1.2.4
81 silly currentTree ├─┬ pug-lexer@2.3.0
81 silly currentTree │ ├── acorn@4.0.4
81 silly currentTree │ └── is-expression@3.0.0
81 silly currentTree ├── pug-linker@1.0.1
81 silly currentTree ├── pug-load@2.0.3
81 silly currentTree ├── pug-parser@2.0.1
81 silly currentTree ├── pug-runtime@2.0.2
81 silly currentTree ├── pug-strip-comments@1.0.1
81 silly currentTree ├── pug-walk@1.0.0
81 silly currentTree ├── pug@2.0.0-beta6
81 silly currentTree ├── qs@6.2.0
81 silly currentTree ├── randomatic@1.1.6
81 silly currentTree ├── range-parser@1.2.0
81 silly currentTree ├─┬ rc@1.1.6
81 silly currentTree │ └── minimist@1.2.0
81 silly currentTree ├── read-all-stream@3.1.0
81 silly currentTree ├─┬ readable-stream@2.2.2
81 silly currentTree │ └── isarray@1.0.0
81 silly currentTree ├── readdirp@2.1.0
81 silly currentTree ├── reflect-metadata@0.1.9
81 silly currentTree ├── regex-cache@0.4.3
81 silly currentTree ├── registry-url@3.1.0
81 silly currentTree ├── repeat-element@1.1.2
81 silly currentTree ├── repeat-string@1.6.1
81 silly currentTree ├── repeating@1.1.3
81 silly currentTree ├── resolve@1.2.0
81 silly currentTree ├── right-align@0.1.3
81 silly currentTree ├── rxjs@5.0.3
81 silly currentTree ├── semver-diff@2.1.0
81 silly currentTree ├── semver@5.3.0
81 silly currentTree ├── send@0.14.1
81 silly currentTree ├── serve-static@1.11.1
81 silly currentTree ├── set-immediate-shim@1.0.1
81 silly currentTree ├── setprototypeof@1.0.2
81 silly currentTree ├── slide@1.1.6
81 silly currentTree ├─┬ socket.io-adapter@0.5.0
81 silly currentTree │ ├── debug@2.3.3
81 silly currentTree │ └── ms@0.7.2
81 silly currentTree ├─┬ socket.io-client@1.7.2
81 silly currentTree │ ├── component-emitter@1.2.1
81 silly currentTree │ ├── debug@2.3.3
81 silly currentTree │ └── ms@0.7.2
81 silly currentTree ├── socket.io-parser@2.3.1
81 silly currentTree ├─┬ socket.io@1.7.2
81 silly currentTree │ ├── debug@2.3.3
81 silly currentTree │ └── ms@0.7.2
81 silly currentTree ├── source-map@0.4.4
81 silly currentTree ├── split@0.3.3
81 silly currentTree ├── statuses@1.3.1
81 silly currentTree ├── stream-combiner@0.0.4
81 silly currentTree ├── stream-shift@1.0.0
81 silly currentTree ├── string_decoder@0.10.31
81 silly currentTree ├── string-length@1.0.1
81 silly currentTree ├── strip-ansi@3.0.1
81 silly currentTree ├── strip-json-comments@1.0.4
81 silly currentTree ├── supports-color@2.0.0
81 silly currentTree ├── symbol-observable@1.0.4
81 silly currentTree ├── systemjs@0.19.41
81 silly currentTree ├── through@2.3.8
81 silly currentTree ├── timed-out@2.0.0
81 silly currentTree ├── to-array@0.1.4
81 silly currentTree ├── token-stream@0.0.1
81 silly currentTree ├── touch@1.0.0
81 silly currentTree ├── type-is@1.6.14
81 silly currentTree ├── typescript@2.1.5
81 silly currentTree ├─┬ uglify-js@2.7.5
81 silly currentTree │ └── source-map@0.5.6
81 silly currentTree ├── uglify-to-browserify@1.0.2
81 silly currentTree ├── ultron@1.0.2
81 silly currentTree ├── undefsafe@0.0.3
81 silly currentTree ├── unpipe@1.0.0
81 silly currentTree ├── update-notifier@0.5.0
81 silly currentTree ├── util-deprecate@1.0.2
81 silly currentTree ├── utils-merge@1.0.0
81 silly currentTree ├── uuid@2.0.3
81 silly currentTree ├── vary@1.1.0
81 silly currentTree ├── void-elements@2.0.1
81 silly currentTree ├── when@3.7.7
81 silly currentTree ├── window-size@0.1.0
81 silly currentTree ├── with@5.1.1
81 silly currentTree ├── wordwrap@0.0.2
81 silly currentTree ├── wrappy@1.0.2
81 silly currentTree ├── write-file-atomic@1.3.1
81 silly currentTree ├── ws@1.1.1
81 silly currentTree ├── wtf-8@1.0.0
81 silly currentTree ├── xdg-basedir@2.0.0
81 silly currentTree ├── xmlhttprequest-ssl@1.5.3
81 silly currentTree ├── yargs@3.10.0
81 silly currentTree ├── yeast@0.1.2
81 silly currentTree └── zone.js@0.7.4
82 silly idealTree planning-poker@1.0.0
82 silly idealTree ├── @angular/common@2.4.3
82 silly idealTree ├── @angular/compiler@2.4.3
82 silly idealTree ├── @angular/core@2.4.3
82 silly idealTree ├── @angular/forms@2.4.3
82 silly idealTree ├── @angular/http@2.4.3
82 silly idealTree ├── @angular/platform-browser-dynamic@2.4.3
82 silly idealTree ├── @angular/platform-browser@2.4.3
82 silly idealTree ├── @angular/router@3.4.3
82 silly idealTree ├── @angular/upgrade@2.4.3
82 silly idealTree ├── @ng-bootstrap/ng-bootstrap@1.0.0-alpha.17
82 silly idealTree ├── @types/core-js@0.9.35
82 silly idealTree ├── @types/express-serve-static-core@4.0.40
82 silly idealTree ├── @types/express@4.0.34
82 silly idealTree ├── @types/mime@0.0.29
82 silly idealTree ├── @types/node@6.0.60
82 silly idealTree ├── @types/serve-static@1.7.31
82 silly idealTree ├── @types/socket.io-client@1.4.29
82 silly idealTree ├── @types/socket.io@1.4.27
82 silly idealTree ├── abbrev@1.0.9
82 silly idealTree ├── accepts@1.3.3
82 silly idealTree ├── acorn-globals@3.0.0
82 silly idealTree ├── acorn@3.3.0
82 silly idealTree ├── after@0.8.2
82 silly idealTree ├── align-text@0.1.4
82 silly idealTree ├── amdefine@1.0.1
82 silly idealTree ├── angular2-toaster@2.0.0
82 silly idealTree ├── ansi-regex@2.0.0
82 silly idealTree ├── ansi-styles@2.2.1
82 silly idealTree ├── anymatch@1.3.0
82 silly idealTree ├── arr-diff@2.0.0
82 silly idealTree ├── arr-flatten@1.0.1
82 silly idealTree ├── array-flatten@1.1.1
82 silly idealTree ├── array-unique@0.2.1
82 silly idealTree ├── arraybuffer.slice@0.0.6
82 silly idealTree ├── arrify@1.0.1
82 silly idealTree ├── asap@2.0.5
82 silly idealTree ├── async-each@1.0.1
82 silly idealTree ├── async@0.2.10
82 silly idealTree ├── backo2@1.0.2
82 silly idealTree ├── balanced-match@0.4.2
82 silly idealTree ├── base64-arraybuffer@0.1.5
82 silly idealTree ├── base64id@1.0.0
82 silly idealTree ├── better-assert@1.0.2
82 silly idealTree ├── binary-extensions@1.8.0
82 silly idealTree ├── blob@0.0.4
82 silly idealTree ├── bootstrap@3.3.7
82 silly idealTree ├── brace-expansion@1.1.6
82 silly idealTree ├── braces@1.8.5
82 silly idealTree ├── buffer-shims@1.0.0
82 silly idealTree ├── callsite@1.0.0
82 silly idealTree ├── camelcase@1.2.1
82 silly idealTree ├── center-align@0.1.3
82 silly idealTree ├── chalk@1.1.3
82 silly idealTree ├── character-parser@2.2.0
82 silly idealTree ├── chokidar@1.6.1
82 silly idealTree ├── clean-css@3.4.23
82 silly idealTree ├── cliui@2.1.0
82 silly idealTree ├── commander@2.8.1
82 silly idealTree ├── component-bind@1.0.0
82 silly idealTree ├── component-emitter@1.1.2
82 silly idealTree ├── component-inherit@0.0.3
82 silly idealTree ├── concat-map@0.0.1
82 silly idealTree ├── configstore@1.4.0
82 silly idealTree ├── constantinople@3.1.0
82 silly idealTree ├── content-disposition@0.5.1
82 silly idealTree ├── content-type@1.0.2
82 silly idealTree ├── cookie-signature@1.0.6
82 silly idealTree ├── cookie@0.3.1
82 silly idealTree ├── core-js@2.4.1
82 silly idealTree ├── core-util-is@1.0.2
82 silly idealTree ├── crypto@0.0.3
82 silly idealTree ├── debug@2.2.0
82 silly idealTree ├── decamelize@1.2.0
82 silly idealTree ├── deep-extend@0.4.1
82 silly idealTree ├── depd@1.1.0
82 silly idealTree ├── destroy@1.0.4
82 silly idealTree ├── doctypes@1.1.0
82 silly idealTree ├── duplexer@0.1.1
82 silly idealTree ├── duplexify@3.5.0
82 silly idealTree ├── ee-first@1.1.1
82 silly idealTree ├── encodeurl@1.0.1
82 silly idealTree ├── end-of-stream@1.0.0
82 silly idealTree ├─┬ engine.io-client@1.8.2
82 silly idealTree │ ├── component-emitter@1.2.1
82 silly idealTree │ ├── debug@2.3.3
82 silly idealTree │ └── ms@0.7.2
82 silly idealTree ├── engine.io-parser@1.3.2
82 silly idealTree ├─┬ engine.io@1.8.2
82 silly idealTree │ ├── debug@2.3.3
82 silly idealTree │ └── ms@0.7.2
82 silly idealTree ├── es6-promise@3.3.1
82 silly idealTree ├── escape-html@1.0.3
82 silly idealTree ├── escape-string-regexp@1.0.5
82 silly idealTree ├── etag@1.7.0
82 silly idealTree ├── event-stream@3.3.4
82 silly idealTree ├── expand-brackets@0.1.5
82 silly idealTree ├── expand-range@1.8.2
82 silly idealTree ├── express@4.14.0
82 silly idealTree ├── extglob@0.3.2
82 silly idealTree ├── filename-regex@2.0.0
82 silly idealTree ├── fill-range@2.2.3
82 silly idealTree ├── finalhandler@0.5.0
82 silly idealTree ├── font-awesome@4.7.0
82 silly idealTree ├── for-in@0.1.6
82 silly idealTree ├── for-own@0.1.4
82 silly idealTree ├── forwarded@0.1.0
82 silly idealTree ├── fresh@0.3.0
82 silly idealTree ├── from@0.1.3
82 silly idealTree ├── glob-base@0.3.0
82 silly idealTree ├── glob-parent@2.0.0
82 silly idealTree ├─┬ got@3.3.1
82 silly idealTree │ └── object-assign@3.0.0
82 silly idealTree ├── graceful-fs@4.1.11
82 silly idealTree ├── graceful-readlink@1.0.1
82 silly idealTree ├── has-ansi@2.0.0
82 silly idealTree ├── has-binary@0.1.7
82 silly idealTree ├── has-cors@1.1.0
82 silly idealTree ├── http-errors@1.5.1
82 silly idealTree ├── ignore-by-default@1.0.1
82 silly idealTree ├── imurmurhash@0.1.4
82 silly idealTree ├── indexof@0.0.1
82 silly idealTree ├── infinity-agent@2.0.3
82 silly idealTree ├── inherits@2.0.3
82 silly idealTree ├── ini@1.3.4
82 silly idealTree ├── ipaddr.js@1.1.1
82 silly idealTree ├── is-binary-path@1.0.1
82 silly idealTree ├── is-buffer@1.1.4
82 silly idealTree ├── is-dotfile@1.0.2
82 silly idealTree ├── is-equal-shallow@0.1.3
82 silly idealTree ├── is-expression@2.1.0
82 silly idealTree ├── is-extendable@0.1.1
82 silly idealTree ├── is-extglob@1.0.0
82 silly idealTree ├── is-finite@1.0.2
82 silly idealTree ├── is-glob@2.0.1
82 silly idealTree ├── is-npm@1.0.0
82 silly idealTree ├── is-number@2.1.0
82 silly idealTree ├── is-posix-bracket@0.1.1
82 silly idealTree ├── is-primitive@2.0.0
82 silly idealTree ├── is-promise@2.1.0
82 silly idealTree ├── is-redirect@1.0.0
82 silly idealTree ├── is-regex@1.0.3
82 silly idealTree ├── is-stream@1.1.0
82 silly idealTree ├── isarray@0.0.1
82 silly idealTree ├─┬ isobject@2.1.0
82 silly idealTree │ └── isarray@1.0.0
82 silly idealTree ├── js-stringify@1.0.2
82 silly idealTree ├── json3@3.3.2
82 silly idealTree ├── jstransformer@1.0.0
82 silly idealTree ├── kind-of@3.1.0
82 silly idealTree ├── latest-version@1.0.1
82 silly idealTree ├── lazy-cache@1.0.4
82 silly idealTree ├── lodash._baseassign@3.2.0
82 silly idealTree ├── lodash._basecopy@3.0.1
82 silly idealTree ├── lodash._bindcallback@3.0.1
82 silly idealTree ├── lodash._createassigner@3.1.1
82 silly idealTree ├── lodash._getnative@3.9.1
82 silly idealTree ├── lodash._isiterateecall@3.0.9
82 silly idealTree ├── lodash.assign@3.2.0
82 silly idealTree ├── lodash.defaults@3.1.2
82 silly idealTree ├── lodash.isarguments@3.1.0
82 silly idealTree ├── lodash.isarray@3.0.4
82 silly idealTree ├── lodash.keys@3.1.2
82 silly idealTree ├── lodash.restparam@3.6.1
82 silly idealTree ├── longest@1.0.1
82 silly idealTree ├── lowercase-keys@1.0.0
82 silly idealTree ├── map-stream@0.1.0
82 silly idealTree ├── media-typer@0.3.0
82 silly idealTree ├── merge-descriptors@1.0.1
82 silly idealTree ├── methods@1.1.2
82 silly idealTree ├── micromatch@2.3.11
82 silly idealTree ├── mime-db@1.25.0
82 silly idealTree ├── mime-types@2.1.13
82 silly idealTree ├── mime@1.3.4
82 silly idealTree ├── minimatch@3.0.3
82 silly idealTree ├── minimist@0.0.8
82 silly idealTree ├── mkdirp@0.5.1
82 silly idealTree ├── ms@0.7.1
82 silly idealTree ├── negotiator@0.6.1
82 silly idealTree ├── nested-error-stacks@1.0.2
82 silly idealTree ├── nodemon@1.11.0
82 silly idealTree ├── nopt@1.0.10
82 silly idealTree ├── normalize-path@2.0.1
82 silly idealTree ├── number-is-nan@1.0.1
82 silly idealTree ├── object-assign@4.1.0
82 silly idealTree ├── object-component@0.0.3
82 silly idealTree ├── object.omit@2.0.1
82 silly idealTree ├── on-finished@2.3.0
82 silly idealTree ├── once@1.3.3
82 silly idealTree ├── options@0.0.6
82 silly idealTree ├── os-homedir@1.0.2
82 silly idealTree ├── os-tmpdir@1.0.2
82 silly idealTree ├── osenv@0.1.4
82 silly idealTree ├── package-json@1.2.0
82 silly idealTree ├── parse-glob@3.0.4
82 silly idealTree ├── parsejson@0.0.3
82 silly idealTree ├── parseqs@0.0.5
82 silly idealTree ├── parseuri@0.0.5
82 silly idealTree ├── parseurl@1.3.1
82 silly idealTree ├── path-is-absolute@1.0.1
82 silly idealTree ├── path-to-regexp@0.1.7
82 silly idealTree ├── pause-stream@0.0.11
82 silly idealTree ├── pinkie-promise@2.0.1
82 silly idealTree ├── pinkie@2.0.4
82 silly idealTree ├── prepend-http@1.0.4
82 silly idealTree ├── preserve@0.2.0
82 silly idealTree ├── process-nextick-args@1.0.7
82 silly idealTree ├── promise@7.1.1
82 silly idealTree ├── proxy-addr@1.1.2
82 silly idealTree ├── ps-tree@1.1.0
82 silly idealTree ├── pug-attrs@2.0.1
82 silly idealTree ├── pug-code-gen@1.1.0
82 silly idealTree ├── pug-error@1.3.1
82 silly idealTree ├── pug-filters@1.2.4
82 silly idealTree ├─┬ pug-lexer@2.3.0
82 silly idealTree │ ├── acorn@4.0.4
82 silly idealTree │ └── is-expression@3.0.0
82 silly idealTree ├── pug-linker@1.0.1
82 silly idealTree ├── pug-load@2.0.3
82 silly idealTree ├── pug-parser@2.0.1
82 silly idealTree ├── pug-runtime@2.0.2
82 silly idealTree ├── pug-strip-comments@1.0.1
82 silly idealTree ├── pug-walk@1.0.0
82 silly idealTree ├── pug@2.0.0-beta6
82 silly idealTree ├── qs@6.2.0
82 silly idealTree ├── randomatic@1.1.6
82 silly idealTree ├── range-parser@1.2.0
82 silly idealTree ├─┬ rc@1.1.6
82 silly idealTree │ └── minimist@1.2.0
82 silly idealTree ├── read-all-stream@3.1.0
82 silly idealTree ├─┬ readable-stream@2.2.2
82 silly idealTree │ └── isarray@1.0.0
82 silly idealTree ├── readdirp@2.1.0
82 silly idealTree ├── reflect-metadata@0.1.9
82 silly idealTree ├── regex-cache@0.4.3
82 silly idealTree ├── registry-url@3.1.0
82 silly idealTree ├── repeat-element@1.1.2
82 silly idealTree ├── repeat-string@1.6.1
82 silly idealTree ├── repeating@1.1.3
82 silly idealTree ├── resolve@1.2.0
82 silly idealTree ├── right-align@0.1.3
82 silly idealTree ├── rxjs@5.0.3
82 silly idealTree ├── semver-diff@2.1.0
82 silly idealTree ├── semver@5.3.0
82 silly idealTree ├── send@0.14.1
82 silly idealTree ├── serve-static@1.11.1
82 silly idealTree ├── set-immediate-shim@1.0.1
82 silly idealTree ├── setprototypeof@1.0.2
82 silly idealTree ├── slide@1.1.6
82 silly idealTree ├─┬ socket.io-adapter@0.5.0
82 silly idealTree │ ├── debug@2.3.3
82 silly idealTree │ └── ms@0.7.2
82 silly idealTree ├─┬ socket.io-client@1.7.2
82 silly idealTree │ ├── component-emitter@1.2.1
82 silly idealTree │ ├── debug@2.3.3
82 silly idealTree │ └── ms@0.7.2
82 silly idealTree ├── socket.io-parser@2.3.1
82 silly idealTree ├─┬ socket.io@1.7.2
82 silly idealTree │ ├── debug@2.3.3
82 silly idealTree │ └── ms@0.7.2
82 silly idealTree ├── source-map@0.4.4
82 silly idealTree ├── split@0.3.3
82 silly idealTree ├── statuses@1.3.1
82 silly idealTree ├── stream-combiner@0.0.4
82 silly idealTree ├── stream-shift@1.0.0
82 silly idealTree ├── string_decoder@0.10.31
82 silly idealTree ├── string-length@1.0.1
82 silly idealTree ├── strip-ansi@3.0.1
82 silly idealTree ├── strip-json-comments@1.0.4
82 silly idealTree ├── supports-color@2.0.0
82 silly idealTree ├── symbol-observable@1.0.4
82 silly idealTree ├── systemjs@0.19.41
82 silly idealTree ├── through@2.3.8
82 silly idealTree ├── timed-out@2.0.0
82 silly idealTree ├── to-array@0.1.4
82 silly idealTree ├── token-stream@0.0.1
82 silly idealTree ├── touch@1.0.0
82 silly idealTree ├── type-is@1.6.14
82 silly idealTree ├── typescript@2.1.5
82 silly idealTree ├─┬ uglify-js@2.7.5
82 silly idealTree │ └── source-map@0.5.6
82 silly idealTree ├── uglify-to-browserify@1.0.2
82 silly idealTree ├── ultron@1.0.2
82 silly idealTree ├── undefsafe@0.0.3
82 silly idealTree ├── unpipe@1.0.0
82 silly idealTree ├── update-notifier@0.5.0
82 silly idealTree ├── util-deprecate@1.0.2
82 silly idealTree ├── utils-merge@1.0.0
82 silly idealTree ├── uuid@2.0.3
82 silly idealTree ├── vary@1.1.0
82 silly idealTree ├── void-elements@2.0.1
82 silly idealTree ├── when@3.7.7
82 silly idealTree ├── window-size@0.1.0
82 silly idealTree ├── with@5.1.1
82 silly idealTree ├── wordwrap@0.0.2
82 silly idealTree ├── wrappy@1.0.2
82 silly idealTree ├── write-file-atomic@1.3.1
82 silly idealTree ├── ws@1.1.1
82 silly idealTree ├── wtf-8@1.0.0
82 silly idealTree ├── xdg-basedir@2.0.0
82 silly idealTree ├── xmlhttprequest-ssl@1.5.3
82 silly idealTree ├── yargs@3.10.0
82 silly idealTree ├── yeast@0.1.2
82 silly idealTree └── zone.js@0.7.5
83 silly generateActionsToTake Starting
84 silly install generateActionsToTake
85 silly generateActionsToTake Finishing
86 silly diffTrees action count 1
87 silly diffTrees update zone.js@0.7.5
88 silly decomposeActions action count 9
89 silly decomposeActions remove zone.js@0.7.5
90 silly decomposeActions fetch zone.js@0.7.5
91 silly decomposeActions extract zone.js@0.7.5
92 silly decomposeActions test zone.js@0.7.5
93 silly decomposeActions preinstall zone.js@0.7.5
94 silly decomposeActions build zone.js@0.7.5
95 silly decomposeActions install zone.js@0.7.5
96 silly decomposeActions postinstall zone.js@0.7.5
97 silly decomposeActions finalize zone.js@0.7.5
98 silly runTopLevelLifecycles Starting
99 silly install runPreinstallTopLevelLifecycles
100 silly preinstall planning-poker@1.0.0
101 info lifecycle planning-poker@1.0.0~preinstall: planning-poker@1.0.0
102 silly lifecycle planning-poker@1.0.0~preinstall: no script for preinstall, continuing
103 silly executeActions Starting
104 silly install executeActions
105 silly doSerial global-install 0
106 silly doParallel fetch 1
107 verbose correctMkdir /home/melkiaer/.npm/_locks correctMkdir not in flight; initializing
108 verbose lock using /home/melkiaer/.npm/_locks/staging-b77dbb60077dd8e6.lock for /home/melkiaer/Git/planning-poker/node_modules/.staging
109 silly doParallel extract 1
110 silly extract zone.js@0.7.5
111 verbose unbuild node_modules/.staging/zone.js-3ff78680
112 silly gentlyRm /home/melkiaer/Git/planning-poker/node_modules/.staging/zone.js-3ff78680 is being purged from base /home/melkiaer/Git/planning-poker
113 verbose gentlyRm don't care about contents; nuking /home/melkiaer/Git/planning-poker/node_modules/.staging/zone.js-3ff78680
114 verbose tar unpack /home/melkiaer/.npm/zone.js/0.7.5/package.tgz
115 verbose tar unpacking to /home/melkiaer/Git/planning-poker/node_modules/.staging/zone.js-3ff78680
116 silly gentlyRm /home/melkiaer/Git/planning-poker/node_modules/.staging/zone.js-3ff78680 is being purged
117 verbose gentlyRm don't care about contents; nuking /home/melkiaer/Git/planning-poker/node_modules/.staging/zone.js-3ff78680
118 silly gunzTarPerm modes [ '755', '644' ]
119 silly gunzTarPerm extractEntry package.json
120 silly gunzTarPerm extractEntry README.md
121 silly gunzTarPerm extractEntry LICENSE
122 silly gunzTarPerm extractEntry dist/async-test.js
123 silly gunzTarPerm extractEntry dist/mocha-patch.js
124 silly gunzTarPerm extractEntry dist/mocha-patch.min.js
125 silly gunzTarPerm extractEntry dist/proxy.js
126 silly gunzTarPerm extractEntry dist/long-stack-trace-zone.min.js
127 silly gunzTarPerm extractEntry dist/fake-async-test.js
128 silly gunzTarPerm extractEntry dist/task-tracking.js
129 silly gunzTarPerm extractEntry dist/task-tracking.min.js
130 silly gunzTarPerm extractEntry dist/web-api.js
131 silly gunzTarPerm extractEntry dist/wtf.js
132 silly gunzTarPerm extractEntry dist/long-stack-trace-zone.js
133 silly gunzTarPerm extractEntry dist/wtf.min.js
134 silly gunzTarPerm extractEntry dist/jasmine-patch.min.js
135 silly gunzTarPerm extractEntry dist/zone-node.js
136 silly gunzTarPerm extractEntry dist/jasmine-patch.js
137 silly gunzTarPerm extractEntry dist/zone.js
138 silly gunzTarPerm extractEntry dist/proxy.min.js
139 silly gunzTarPerm extractEntry dist/zone.min.js
140 silly gunzTarPerm extractEntry dist/sync-test.js
141 silly gunzTarPerm extractEntry dist/zone.js.d.ts
142 silly gunzTarPerm extractEntry LICENSE.wrapped
143 silly gunzTarPerm extractEntry CHANGELOG.md
144 silly gunzTarPerm extractEntry lib/browser/browser.ts
145 silly gunzTarPerm extractEntry lib/browser/define-property.ts
146 silly gunzTarPerm extractEntry lib/browser/event-target.ts
147 silly gunzTarPerm extractEntry lib/browser/property-descriptor.ts
148 silly gunzTarPerm extractEntry lib/browser/register-element.ts
149 silly gunzTarPerm extractEntry lib/browser/rollup-main.ts
150 silly gunzTarPerm extractEntry lib/browser/web-api.ts
151 silly gunzTarPerm extractEntry lib/browser/websocket.ts
152 silly gunzTarPerm extractEntry lib/common/timers.ts
153 silly gunzTarPerm extractEntry lib/common/utils.ts
154 silly gunzTarPerm extractEntry lib/jasmine/jasmine.ts
155 silly gunzTarPerm extractEntry lib/mocha/mocha.ts
156 silly gunzTarPerm extractEntry lib/node/events.ts
157 silly gunzTarPerm extractEntry lib/node/fs.ts
158 silly gunzTarPerm extractEntry lib/node/node.ts
159 silly gunzTarPerm extractEntry lib/zone-spec/async-test.ts
160 silly gunzTarPerm extractEntry lib/zone-spec/fake-async-test.ts
161 silly gunzTarPerm extractEntry lib/zone-spec/long-stack-trace.ts
162 silly gunzTarPerm extractEntry lib/zone-spec/proxy.ts
163 silly gunzTarPerm extractEntry lib/zone-spec/sync-test.ts
164 silly gunzTarPerm extractEntry lib/zone-spec/task-tracking.ts
165 silly gunzTarPerm extractEntry lib/zone-spec/wtf.ts
166 silly gunzTarPerm extractEntry lib/zone.ts
167 silly gentlyRm /home/melkiaer/Git/planning-poker/node_modules/.staging/zone.js-3ff78680/node_modules is being purged
168 verbose gentlyRm don't care about contents; nuking /home/melkiaer/Git/planning-poker/node_modules/.staging/zone.js-3ff78680/node_modules
169 silly doParallel preinstall 1
170 silly preinstall zone.js@0.7.5
171 info lifecycle zone.js@0.7.5~preinstall: zone.js@0.7.5
172 silly lifecycle zone.js@0.7.5~preinstall: no script for preinstall, continuing
173 silly doReverseSerial remove 1
174 silly remove /home/melkiaer/Git/planning-poker/node_modules/zone.js
175 verbose unbuild node_modules/zone.js
176 info lifecycle zone.js@0.7.4~preuninstall: zone.js@0.7.4
177 silly lifecycle zone.js@0.7.4~preuninstall: no script for preuninstall, continuing
178 info lifecycle zone.js@0.7.4~uninstall: zone.js@0.7.4
179 silly lifecycle zone.js@0.7.4~uninstall: no script for uninstall, continuing
180 verbose unbuild rmStuff zone.js@0.7.4 from /home/melkiaer/Git/planning-poker/node_modules
181 info lifecycle zone.js@0.7.4~postuninstall: zone.js@0.7.4
182 silly lifecycle zone.js@0.7.4~postuninstall: no script for postuninstall, continuing
183 silly gentlyRm /home/melkiaer/Git/planning-poker/node_modules/zone.js is being purged from base /home/melkiaer/Git/planning-poker
184 verbose gentlyRm don't care about contents; nuking /home/melkiaer/Git/planning-poker/node_modules/zone.js
185 silly vacuum-fs purging /home/melkiaer/Git/planning-poker/node_modules/zone.js
186 silly vacuum-fs quitting because other entries in /home/melkiaer/Git/planning-poker/node_modules
187 silly doSerial move 0
188 silly doSerial finalize 1
189 silly finalize /home/melkiaer/Git/planning-poker/node_modules/zone.js
190 silly doSerial build 1
191 silly build zone.js@0.7.5
192 info linkStuff zone.js@0.7.5
193 silly linkStuff zone.js@0.7.5 has /home/melkiaer/Git/planning-poker/node_modules as its parent node_modules
194 verbose linkBins zone.js@0.7.5
195 verbose linkMans zone.js@0.7.5
196 silly doSerial global-link 0
197 silly doParallel update-linked 0
198 silly doSerial install 1
199 silly install zone.js@0.7.5
200 info lifecycle zone.js@0.7.5~install: zone.js@0.7.5
201 silly lifecycle zone.js@0.7.5~install: no script for install, continuing
202 silly doSerial postinstall 1
203 silly postinstall zone.js@0.7.5
204 info lifecycle zone.js@0.7.5~postinstall: zone.js@0.7.5
205 silly lifecycle zone.js@0.7.5~postinstall: no script for postinstall, continuing
206 verbose unlock done using /home/melkiaer/.npm/_locks/staging-b77dbb60077dd8e6.lock for /home/melkiaer/Git/planning-poker/node_modules/.staging
207 silly executeActions Finishing
208 silly rollbackFailedOptional Starting
209 silly rollbackFailedOptional Finishing
210 silly install runPostinstallTopLevelLifecycles
211 silly build planning-poker@1.0.0
212 info linkStuff planning-poker@1.0.0
213 silly linkStuff planning-poker@1.0.0 has /home/melkiaer/Git as its parent node_modules
214 verbose linkBins planning-poker@1.0.0
215 verbose linkMans planning-poker@1.0.0
216 silly install planning-poker@1.0.0
217 info lifecycle planning-poker@1.0.0~install: planning-poker@1.0.0
218 silly lifecycle planning-poker@1.0.0~install: no script for install, continuing
219 silly postinstall planning-poker@1.0.0
220 info lifecycle planning-poker@1.0.0~postinstall: planning-poker@1.0.0
221 verbose lifecycle planning-poker@1.0.0~postinstall: unsafe-perm in lifecycle true
222 verbose lifecycle planning-poker@1.0.0~postinstall: PATH: /usr/local/lib/node_modules/npm/bin/node-gyp-bin:/home/melkiaer/Git/planning-poker/node_modules/.bin:/home/melkiaer/bin:/home/melkiaer/.local/bin:/usr/local/sbin:/usr/local/bin:/usr/sbin:/usr/bin:/sbin:/bin:/usr/games:/usr/local/games:/snap/bin:/home/m-elkiaer/bin/android-sdk-linux/tools:/home/m-elkiaer/bin/android-sdk-linux/tools
223 verbose lifecycle planning-poker@1.0.0~postinstall: CWD: /home/melkiaer/Git/planning-poker
224 silly lifecycle planning-poker@1.0.0~postinstall: Args: [ '-c', 'tsc' ]
225 silly lifecycle planning-poker@1.0.0~postinstall: Returned: code: 2  signal: null
226 info lifecycle planning-poker@1.0.0~postinstall: Failed to exec postinstall script
227 warn optional SKIPPING OPTIONAL DEPENDENCY: fsevents@^1.0.0 (node_modules/chokidar/node_modules/fsevents):
228 warn notsup SKIPPING OPTIONAL DEPENDENCY: Unsupported platform for fsevents@1.0.17: wanted {"os":"darwin","arch":"any"} (current: {"os":"linux","arch":"x64"})
229 verbose notsup SKIPPING OPTIONAL DEPENDENCY: Valid OS:    darwin
229 verbose notsup SKIPPING OPTIONAL DEPENDENCY: Valid Arch:  any
229 verbose notsup SKIPPING OPTIONAL DEPENDENCY: Actual OS:   linux
229 verbose notsup SKIPPING OPTIONAL DEPENDENCY: Actual Arch: x64
230 warn planning-poker@1.0.0 No repository field.
231 verbose If you need help, you may report this error at:
231 verbose     <https://github.com/npm/npm/issues>
232 warn planning-poker@1.0.0 No license field.
233 verbose If you need help, you may report this error at:
233 verbose     <https://github.com/npm/npm/issues>
234 verbose stack Error: planning-poker@1.0.0 postinstall: `tsc`
234 verbose stack Exit status 2
234 verbose stack     at EventEmitter.<anonymous> (/usr/local/lib/node_modules/npm/lib/utils/lifecycle.js:279:16)
234 verbose stack     at emitTwo (events.js:87:13)
234 verbose stack     at EventEmitter.emit (events.js:172:7)
234 verbose stack     at ChildProcess.<anonymous> (/usr/local/lib/node_modules/npm/lib/utils/spawn.js:40:14)
234 verbose stack     at emitTwo (events.js:87:13)
234 verbose stack     at ChildProcess.emit (events.js:172:7)
234 verbose stack     at maybeClose (internal/child_process.js:821:16)
234 verbose stack     at Process.ChildProcess._handle.onexit (internal/child_process.js:211:5)
235 verbose pkgid planning-poker@1.0.0
236 verbose cwd /home/melkiaer/Git/planning-poker
237 error Linux 4.8.0-34-generic
238 error argv "/usr/bin/nodejs" "/usr/local/bin/npm" "install"
239 error node v4.2.6
240 error npm  v4.0.3
241 error code ELIFECYCLE
242 error planning-poker@1.0.0 postinstall: `tsc`
242 error Exit status 2
243 error Failed at the planning-poker@1.0.0 postinstall script 'tsc'.
243 error Make sure you have the latest version of node.js and npm installed.
243 error If you do, this is most likely a problem with the planning-poker package,
243 error not with npm itself.
243 error Tell the author that this fails on your system:
243 error     tsc
243 error You can get information on how to open an issue for this project with:
243 error     npm bugs planning-poker
243 error Or if that isn't available, you can get their info via:
243 error     npm owner ls planning-poker
243 error There is likely additional logging output above.
244 verbose exit [ 1, true ]
